<?xml version="1.0" encoding="UTF-8"?>
<testng-results ignored="0" total="4" passed="4" failed="0" skipped="0">
  <reporter-output>
  </reporter-output>
  <suite started-at="2021-08-11T10:31:43 CST" name="Account Tests - Chrome" finished-at="2021-08-11T10:32:05 CST" duration-ms="22282">
    <groups>
    </groups>
    <test started-at="2021-08-11T10:31:43 CST" name="Login Tests" finished-at="2021-08-11T10:31:55 CST" duration-ms="11965">
      <class name="BaseClass$TestAccount">
        <test-method is-config="true" signature="beforeTest()[pri:0, instance:BaseClass$TestAccount@1761de10]" started-at="2021-08-11T10:31:43 CST" name="beforeTest" finished-at="2021-08-11T10:31:43 CST" duration-ms="37" status="PASS">
          <reporter-output>
          </reporter-output>
        </test-method> <!-- beforeTest -->
        <test-method is-config="true" signature="AfterTest()[pri:0, instance:BaseClass$TestAccount@1761de10]" started-at="2021-08-11T10:31:55 CST" name="AfterTest" finished-at="2021-08-11T10:31:55 CST" duration-ms="1" status="PASS">
          <reporter-output>
          </reporter-output>
        </test-method> <!-- AfterTest -->
      </class> <!-- BaseClass$TestAccount -->
      <class name="TestAccount">
        <test-method is-config="true" signature="beforeTest()[pri:0, instance:TestAccount@430fa4ef]" started-at="2021-08-11T10:31:43 CST" name="beforeTest" finished-at="2021-08-11T10:31:43 CST" duration-ms="1" status="PASS">
          <reporter-output>
          </reporter-output>
        </test-method> <!-- beforeTest -->
        <test-method is-config="true" signature="beforeMethod()[pri:0, instance:TestAccount@430fa4ef]" started-at="2021-08-11T10:31:43 CST" name="beforeMethod" finished-at="2021-08-11T10:31:47 CST" duration-ms="4547" status="PASS">
          <reporter-output>
          </reporter-output>
        </test-method> <!-- beforeMethod -->
        <test-method signature="Test_Login_Successful()[pri:0, instance:TestAccount@430fa4ef]" started-at="2021-08-11T10:31:48 CST" name="Test_Login_Successful" finished-at="2021-08-11T10:31:50 CST" duration-ms="2198" status="PASS">
          <reporter-output>
          </reporter-output>
        </test-method> <!-- Test_Login_Successful -->
        <test-method is-config="true" signature="beforeMethod()[pri:0, instance:TestAccount@430fa4ef]" started-at="2021-08-11T10:31:50 CST" name="beforeMethod" finished-at="2021-08-11T10:31:53 CST" duration-ms="2423" status="PASS">
          <reporter-output>
          </reporter-output>
        </test-method> <!-- beforeMethod -->
        <test-method signature="Test_Login_Unsuccessful()[pri:0, instance:TestAccount@430fa4ef]" started-at="2021-08-11T10:31:53 CST" name="Test_Login_Unsuccessful" finished-at="2021-08-11T10:31:55 CST" duration-ms="2019" status="PASS">
          <reporter-output>
          </reporter-output>
        </test-method> <!-- Test_Login_Unsuccessful -->
      </class> <!-- TestAccount -->
    </test> <!-- Login Tests -->
    <test started-at="2021-08-11T10:31:55 CST" name="Login Tests - Firefox" finished-at="2021-08-11T10:32:05 CST" duration-ms="10247">
      <class name="BaseClass$TestAccount">
        <test-method is-config="true" signature="beforeTest()[pri:0, instance:BaseClass$TestAccount@3e6fd0b9]" started-at="2021-08-11T10:31:55 CST" name="beforeTest" finished-at="2021-08-11T10:31:55 CST" duration-ms="1" status="PASS">
          <reporter-output>
          </reporter-output>
        </test-method> <!-- beforeTest -->
        <test-method is-config="true" signature="AfterTest()[pri:0, instance:BaseClass$TestAccount@3e6fd0b9]" started-at="2021-08-11T10:32:05 CST" name="AfterTest" finished-at="2021-08-11T10:32:05 CST" duration-ms="1" status="PASS">
          <reporter-output>
          </reporter-output>
        </test-method> <!-- AfterTest -->
      </class> <!-- BaseClass$TestAccount -->
      <class name="TestAccount">
        <test-method is-config="true" signature="beforeTest()[pri:0, instance:TestAccount@53b98ff6]" started-at="2021-08-11T10:31:55 CST" name="beforeTest" finished-at="2021-08-11T10:31:55 CST" duration-ms="1" status="PASS">
          <reporter-output>
          </reporter-output>
        </test-method> <!-- beforeTest -->
        <test-method is-config="true" signature="beforeMethod()[pri:0, instance:TestAccount@53b98ff6]" started-at="2021-08-11T10:31:55 CST" name="beforeMethod" finished-at="2021-08-11T10:31:58 CST" duration-ms="2687" status="PASS">
          <reporter-output>
          </reporter-output>
        </test-method> <!-- beforeMethod -->
        <test-method signature="Test_Login_Successful()[pri:0, instance:TestAccount@53b98ff6]" started-at="2021-08-11T10:31:58 CST" name="Test_Login_Successful" finished-at="2021-08-11T10:32:00 CST" duration-ms="2244" status="PASS">
          <reporter-output>
          </reporter-output>
        </test-method> <!-- Test_Login_Successful -->
        <test-method is-config="true" signature="beforeMethod()[pri:0, instance:TestAccount@53b98ff6]" started-at="2021-08-11T10:32:00 CST" name="beforeMethod" finished-at="2021-08-11T10:32:03 CST" duration-ms="3085" status="PASS">
          <reporter-output>
          </reporter-output>
        </test-method> <!-- beforeMethod -->
        <test-method signature="Test_Login_Unsuccessful()[pri:0, instance:TestAccount@53b98ff6]" started-at="2021-08-11T10:32:03 CST" name="Test_Login_Unsuccessful" finished-at="2021-08-11T10:32:05 CST" duration-ms="2213" status="PASS">
          <reporter-output>
          </reporter-output>
        </test-method> <!-- Test_Login_Unsuccessful -->
      </class> <!-- TestAccount -->
    </test> <!-- Login Tests - Firefox -->
  </suite> <!-- Account Tests - Chrome -->
</testng-results>
